<?xml version="1.0" encoding="UTF-8"?>
<!-- Generated by org.testng.reporters.JUnitXMLReporter -->
<testsuite ignored="4" hostname="DESKTOP-UNKSSR0" failures="0" tests="1" name="Default test" time="10.626" errors="0" timestamp="2022-03-31T10:33:10 EDT">
  <testcase classname="hW_15_03152022.HW_15_03152022_01a" name="linkText05" time="6.601"/>
  <testcase classname="hW_15_03152022.HW_15_03152022_01a" name="SearchFieldTest03" time="0.0">
    <ignored/>
  </testcase> <!-- SearchFieldTest03 -->
  <testcase classname="hW_15_03152022.HW_15_03152022_01a" name="partialLinkText04" time="0.0">
    <ignored/>
  </testcase> <!-- partialLinkText04 -->
  <testcase classname="hW_15_03152022.HW_15_03152022_01a" name="SearchButtonTest02" time="0.0">
    <ignored/>
  </testcase> <!-- SearchButtonTest02 -->
  <testcase classname="hW_15_03152022.HW_15_03152022_01a" name="buttonTest01" time="0.0">
    <ignored/>
  </testcase> <!-- buttonTest01 -->
</testsuite> <!-- Default test -->
