<?xml version="1.0" encoding="UTF-8"?>
<!-- Generated by org.testng.reporters.JUnitXMLReporter -->
<testsuite ignored="4" hostname="DESKTOP-UNKSSR0" failures="0" tests="4" name="Default test" time="27.33" errors="0" timestamp="2022-03-30T02:39:02 EDT">
  <testcase classname="hW_16_03152022.copy.HW_16_03152022_01a" name="loginButtonTest" time="5.171"/>
  <testcase classname="hW_16_03152022.copy.HW_16_03152022_01a" name="logoTest" time="5.049"/>
  <testcase classname="hW_16_03152022.copy.HW_16_03152022_01a" name="currentUrlTest" time="9.255"/>
  <testcase classname="hW_16_03152022.copy.HW_16_03152022_01a" name="titleTest" time="0.024"/>
  <testcase classname="hW_16_03152022.copy.HW_16_03152022_01a" name="searchFieldTest" time="0.0">
    <ignored/>
  </testcase> <!-- searchFieldTest -->
  <testcase classname="hW_16_03152022.copy.HW_16_03152022_01a" name="getTheTextTest" time="0.0">
    <ignored/>
  </testcase> <!-- getTheTextTest -->
  <testcase classname="hW_16_03152022.copy.HW_16_03152022_01a" name="checkBoxEnabledTest" time="0.0">
    <ignored/>
  </testcase> <!-- checkBoxEnabledTest -->
  <testcase classname="hW_16_03152022.copy.HW_16_03152022_01a" name="getAttributeTest" time="0.0">
    <ignored/>
  </testcase> <!-- getAttributeTest -->
</testsuite> <!-- Default test -->
