<?xml version="1.0" encoding="UTF-8"?>
<testng-results ignored="4" total="5" passed="1" failed="0" skipped="0">
  <reporter-output>
  </reporter-output>
  <suite started-at="2022-03-31T10:32:59 EDT" name="Default suite" finished-at="2022-03-31T10:33:10 EDT" duration-ms="10626">
    <groups>
    </groups>
    <test started-at="2022-03-31T10:32:59 EDT" name="Default test" finished-at="2022-03-31T10:33:10 EDT" duration-ms="10626">
      <class name="hW_15_03152022.HW_15_03152022_01a">
        <test-method is-config="true" signature="setUp()[pri:0, instance:hW_15_03152022.HW_15_03152022_01a@d5b810e]" started-at="2022-03-31T10:32:59 EDT" name="setUp" finished-at="2022-03-31T10:33:03 EDT" duration-ms="3642" status="PASS">
          <reporter-output>
          </reporter-output>
        </test-method> <!-- setUp -->
        <test-method signature="linkText05()[pri:5, instance:hW_15_03152022.HW_15_03152022_01a@d5b810e]" started-at="2022-03-31T10:33:03 EDT" name="linkText05" finished-at="2022-03-31T10:33:10 EDT" duration-ms="6601" status="PASS">
          <reporter-output>
          </reporter-output>
        </test-method> <!-- linkText05 -->
        <test-method is-config="true" signature="tearUp()[pri:0, instance:hW_15_03152022.HW_15_03152022_01a@d5b810e]" started-at="2022-03-31T10:33:10 EDT" name="tearUp" finished-at="2022-03-31T10:33:10 EDT" duration-ms="313" status="PASS">
          <reporter-output>
          </reporter-output>
        </test-method> <!-- tearUp -->
      </class> <!-- hW_15_03152022.HW_15_03152022_01a -->
    </test> <!-- Default test -->
  </suite> <!-- Default suite -->
</testng-results>
