<?xml version="1.0" encoding="UTF-8"?>
<testng-results ignored="0" total="1" passed="1" failed="0" skipped="0">
  <reporter-output>
  </reporter-output>
  <suite started-at="2022-03-30T02:08:09 EDT" name="Default suite" finished-at="2022-03-30T02:08:17 EDT" duration-ms="8644">
    <groups>
    </groups>
    <test started-at="2022-03-30T02:08:09 EDT" name="Default test" finished-at="2022-03-30T02:08:17 EDT" duration-ms="8644">
      <class name="hW_16_03152022.copy.HW_16_03152022_01a">
        <test-method is-config="true" signature="setUp()[pri:0, instance:hW_16_03152022.copy.HW_16_03152022_01a@1b2abca6]" started-at="2022-03-30T02:08:09 EDT" name="setUp" finished-at="2022-03-30T02:08:17 EDT" duration-ms="8025" status="PASS">
          <reporter-output>
          </reporter-output>
        </test-method> <!-- setUp -->
        <test-method signature="getTheTextTest()[pri:6, instance:hW_16_03152022.copy.HW_16_03152022_01a@1b2abca6]" started-at="2022-03-30T02:08:17 EDT" name="getTheTextTest" finished-at="2022-03-30T02:08:17 EDT" duration-ms="258" status="PASS">
          <reporter-output>
          </reporter-output>
        </test-method> <!-- getTheTextTest -->
        <test-method is-config="true" signature="tearUp()[pri:0, instance:hW_16_03152022.copy.HW_16_03152022_01a@1b2abca6]" started-at="2022-03-30T02:08:17 EDT" name="tearUp" finished-at="2022-03-30T02:08:17 EDT" duration-ms="305" status="PASS">
          <reporter-output>
          </reporter-output>
        </test-method> <!-- tearUp -->
      </class> <!-- hW_16_03152022.copy.HW_16_03152022_01a -->
    </test> <!-- Default test -->
  </suite> <!-- Default suite -->
</testng-results>
